<?xml version="1.0" encoding="UTF-8"?>
<testng-results skipped="0" failed="0" ignored="0" total="1" passed="1">
  <reporter-output>
  </reporter-output>
  <suite name="Suite" duration-ms="27016" started-at="2020-07-10T23:10:09Z" finished-at="2020-07-10T23:10:36Z">
    <groups>
      <group name="cucumber">
        <method signature="AbstractTestNGCucumberTests.runScenario(io.cucumber.testng.PickleWrapper, io.cucumber.testng.FeatureWrapper)[pri:0, instance:testRunner.Runner@28ac3dc3]" name="runScenario" class="io.cucumber.testng.AbstractTestNGCucumberTests"/>
      </group> <!-- cucumber -->
    </groups>
    <test name="Test" duration-ms="27016" started-at="2020-07-10T23:10:09Z" finished-at="2020-07-10T23:10:36Z">
      <class name="testRunner.Runner">
        <test-method status="PASS" signature="setUpClass()[pri:0, instance:testRunner.Runner@28ac3dc3]" name="setUpClass" is-config="true" duration-ms="330" started-at="2020-07-10T23:10:09Z" finished-at="2020-07-10T23:10:10Z">
          <reporter-output>
          </reporter-output>
        </test-method> <!-- setUpClass -->
        <test-method status="PASS" signature="runScenario(io.cucumber.testng.PickleWrapper, io.cucumber.testng.FeatureWrapper)[pri:0, instance:testRunner.Runner@28ac3dc3]" name="runScenario" duration-ms="26641" started-at="2020-07-10T23:10:10Z" description="Runs Cucumber Scenarios" data-provider="scenarios" finished-at="2020-07-10T23:10:36Z">
          <params>
            <param index="0">
              <value>
                <![CDATA["To test the temperature of NEW DELHI on MAP"]]>
              </value>
            </param>
            <param index="1">
              <value>
                <![CDATA["Weather details of various cities"]]>
              </value>
            </param>
          </params>
          <reporter-output>
          </reporter-output>
        </test-method> <!-- runScenario -->
        <test-method status="PASS" signature="tearDownClass()[pri:0, instance:testRunner.Runner@28ac3dc3]" name="tearDownClass" is-config="true" duration-ms="3" started-at="2020-07-10T23:10:36Z" finished-at="2020-07-10T23:10:36Z">
          <reporter-output>
          </reporter-output>
        </test-method> <!-- tearDownClass -->
      </class> <!-- testRunner.Runner -->
    </test> <!-- Test -->
  </suite> <!-- Suite -->
</testng-results>
